<?xml version="1.0" encoding="UTF-8"?>
<testsuite name="com.airvwweb.springboot.domain.posts.PostsRepositoryTest" tests="2" skipped="0" failures="0" errors="0" timestamp="2020-09-24T12:06:00" hostname="DoubleK" time="0.387">
  <properties/>
  <testcase name="게시글저장_불러오기" classname="com.airvwweb.springboot.domain.posts.PostsRepositoryTest" time="0.364"/>
  <testcase name="BaseTimeEntity_등록" classname="com.airvwweb.springboot.domain.posts.PostsRepositoryTest" time="0.022"/>
  <system-out><![CDATA[2020-09-24 21:05:51.926  INFO 30708 --- [    Test worker] .b.t.c.SpringBootTestContextBootstrapper : Neither @ContextConfiguration nor @ContextHierarchy found for test class [com.airvwweb.springboot.domain.posts.PostsRepositoryTest], using SpringBootContextLoader
2020-09-24 21:05:51.928  INFO 30708 --- [    Test worker] o.s.t.c.support.AbstractContextLoader    : Could not detect default resource locations for test class [com.airvwweb.springboot.domain.posts.PostsRepositoryTest]: no resource found for suffixes {-context.xml, Context.groovy}.
2020-09-24 21:05:51.929  INFO 30708 --- [    Test worker] t.c.s.AnnotationConfigContextLoaderUtils : Could not detect default configuration classes for test class [com.airvwweb.springboot.domain.posts.PostsRepositoryTest]: PostsRepositoryTest does not declare any static, non-private, non-final, nested classes annotated with @Configuration.
2020-09-24 21:05:51.951  INFO 30708 --- [    Test worker] .b.t.c.SpringBootTestContextBootstrapper : Found @SpringBootConfiguration com.airvwweb.springboot.Application for test class com.airvwweb.springboot.domain.posts.PostsRepositoryTest
2020-09-24 21:05:51.955  INFO 30708 --- [    Test worker] .b.t.c.SpringBootTestContextBootstrapper : Loaded default TestExecutionListener class names from location [META-INF/spring.factories]: [org.springframework.security.test.context.support.WithSecurityContextTestExecutionListener, org.springframework.security.test.context.support.ReactorContextTestExecutionListener, org.springframework.boot.test.autoconfigure.restdocs.RestDocsTestExecutionListener, org.springframework.boot.test.autoconfigure.web.client.MockRestServiceServerResetTestExecutionListener, org.springframework.boot.test.autoconfigure.web.servlet.MockMvcPrintOnlyOnFailureTestExecutionListener, org.springframework.boot.test.autoconfigure.web.servlet.WebDriverTestExecutionListener, org.springframework.boot.test.mock.mockito.MockitoTestExecutionListener, org.springframework.boot.test.mock.mockito.ResetMocksTestExecutionListener, org.springframework.test.context.web.ServletTestExecutionListener, org.springframework.test.context.support.DirtiesContextBeforeModesTestExecutionListener, org.springframework.test.context.support.DependencyInjectionTestExecutionListener, org.springframework.test.context.support.DirtiesContextTestExecutionListener, org.springframework.test.context.transaction.TransactionalTestExecutionListener, org.springframework.test.context.jdbc.SqlScriptsTestExecutionListener]
2020-09-24 21:05:51.957  INFO 30708 --- [    Test worker] .b.t.c.SpringBootTestContextBootstrapper : Using TestExecutionListeners: [org.springframework.test.context.web.ServletTestExecutionListener@658a0bc0, org.springframework.test.context.support.DirtiesContextBeforeModesTestExecutionListener@3b8b4159, org.springframework.boot.test.mock.mockito.MockitoTestExecutionListener@201081e8, org.springframework.boot.test.autoconfigure.SpringBootDependencyInjectionTestExecutionListener@47f6acc2, org.springframework.test.context.support.DirtiesContextTestExecutionListener@72177bf7, org.springframework.test.context.transaction.TransactionalTestExecutionListener@13777d65, org.springframework.test.context.jdbc.SqlScriptsTestExecutionListener@374cb122, org.springframework.security.test.context.support.WithSecurityContextTestExecutionListener@452e8bb5, org.springframework.security.test.context.support.ReactorContextTestExecutionListener@c2f8824, org.springframework.boot.test.autoconfigure.restdocs.RestDocsTestExecutionListener@249b5091, org.springframework.boot.test.autoconfigure.web.client.MockRestServiceServerResetTestExecutionListener@768c2081, org.springframework.boot.test.autoconfigure.web.servlet.MockMvcPrintOnlyOnFailureTestExecutionListener@47ce7ec6, org.springframework.boot.test.autoconfigure.web.servlet.WebDriverTestExecutionListener@3750b0b3, org.springframework.boot.test.mock.mockito.ResetMocksTestExecutionListener@49316110]

  .   ____          _            __ _ _
 /\\ / ___'_ __ _ _(_)_ __  __ _ \ \ \ \
( ( )\___ | '_ | '_| | '_ \/ _` | \ \ \ \
 \\/  ___)| |_)| | | | | || (_| |  ) ) ) )
  '  |____| .__|_| |_|_| |_\__, | / / / /
 =========|_|==============|___/=/_/_/_/
 :: Spring Boot ::        (v2.1.7.RELEASE)

2020-09-24 21:05:52.017  INFO 30708 --- [    Test worker] c.a.s.domain.posts.PostsRepositoryTest   : Starting PostsRepositoryTest on DoubleK with PID 30708 (started by kihong in C:\Users\kihong\IdeaProjects\webservice)
2020-09-24 21:05:52.017  INFO 30708 --- [    Test worker] c.a.s.domain.posts.PostsRepositoryTest   : No active profile set, falling back to default profiles: default
2020-09-24 21:05:52.899  INFO 30708 --- [    Test worker] .s.d.r.c.RepositoryConfigurationDelegate : Bootstrapping Spring Data repositories in DEFAULT mode.
2020-09-24 21:05:53.076  INFO 30708 --- [    Test worker] .s.d.r.c.RepositoryConfigurationDelegate : Finished Spring Data repository scanning in 159ms. Found 2 repository interfaces.
2020-09-24 21:05:53.603  INFO 30708 --- [    Test worker] trationDelegate$BeanPostProcessorChecker : Bean 'org.springframework.transaction.annotation.ProxyTransactionManagementConfiguration' of type [org.springframework.transaction.annotation.ProxyTransactionManagementConfiguration$$EnhancerBySpringCGLIB$$476c6694] is not eligible for getting processed by all BeanPostProcessors (for example: not eligible for auto-proxying)
2020-09-24 21:05:53.941  INFO 30708 --- [    Test worker] com.zaxxer.hikari.HikariDataSource       : HikariPool-1 - Starting...
2020-09-24 21:05:54.271  INFO 30708 --- [    Test worker] com.zaxxer.hikari.HikariDataSource       : HikariPool-1 - Start completed.
2020-09-24 21:05:54.528  INFO 30708 --- [    Test worker] o.hibernate.jpa.internal.util.LogHelper  : HHH000204: Processing PersistenceUnitInfo [
	name: default
	...]
2020-09-24 21:05:54.721  INFO 30708 --- [    Test worker] org.hibernate.Version                    : HHH000412: Hibernate Core {5.3.10.Final}
2020-09-24 21:05:54.727  INFO 30708 --- [    Test worker] org.hibernate.cfg.Environment            : HHH000206: hibernate.properties not found
2020-09-24 21:05:54.848  INFO 30708 --- [    Test worker] o.hibernate.annotations.common.Version   : HCANN000001: Hibernate Commons Annotations {5.0.4.Final}
2020-09-24 21:05:55.266  INFO 30708 --- [    Test worker] org.hibernate.dialect.Dialect            : HHH000400: Using dialect: org.hibernate.dialect.MySQL5InnoDBDialect
Hibernate: drop table if exists posts
Hibernate: drop table if exists user
Hibernate: create table posts (id bigint not null auto_increment, created_date datetime, modified_date datetime, author varchar(255), content TEXT not null, title varchar(500) not null, primary key (id)) engine=InnoDB
Hibernate: create table user (id bigint not null auto_increment, created_date datetime, modified_date datetime, email varchar(255) not null, name varchar(255) not null, picture varchar(255), role varchar(255) not null, primary key (id)) engine=InnoDB
2020-09-24 21:05:56.381  INFO 30708 --- [    Test worker] o.h.t.schema.internal.SchemaCreatorImpl  : HHH000476: Executing import script 'org.hibernate.tool.schema.internal.exec.ScriptSourceInputNonExistentImpl@7b2daf61'
2020-09-24 21:05:56.387  INFO 30708 --- [    Test worker] j.LocalContainerEntityManagerFactoryBean : Initialized JPA EntityManagerFactory for persistence unit 'default'
2020-09-24 21:05:57.404  INFO 30708 --- [    Test worker] o.h.h.i.QueryTranslatorFactoryInitiator  : HHH000397: Using ASTQueryTranslatorFactory
2020-09-24 21:05:58.134  INFO 30708 --- [    Test worker] o.s.s.web.DefaultSecurityFilterChain     : Creating filter chain: any request, [org.springframework.security.web.context.request.async.WebAsyncManagerIntegrationFilter@724d4825, org.springframework.security.web.context.SecurityContextPersistenceFilter@a9863ec, org.springframework.security.web.header.HeaderWriterFilter@249d5226, org.springframework.security.web.authentication.logout.LogoutFilter@6ad416cf, org.springframework.security.oauth2.client.web.OAuth2AuthorizationRequestRedirectFilter@465b65db, org.springframework.security.oauth2.client.web.OAuth2LoginAuthenticationFilter@1664c549, org.springframework.security.web.authentication.ui.DefaultLoginPageGeneratingFilter@231a8643, org.springframework.security.web.authentication.ui.DefaultLogoutPageGeneratingFilter@4d86c2c3, org.springframework.security.web.savedrequest.RequestCacheAwareFilter@50d2dc47, org.springframework.security.web.servletapi.SecurityContextHolderAwareRequestFilter@1e90b819, org.springframework.security.web.authentication.AnonymousAuthenticationFilter@42ef3a8e, org.springframework.security.web.session.SessionManagementFilter@25e31a82, org.springframework.security.web.access.ExceptionTranslationFilter@6ae60ec6, org.springframework.security.web.access.intercept.FilterSecurityInterceptor@3c955047]
2020-09-24 21:05:58.910  INFO 30708 --- [    Test worker] o.s.s.concurrent.ThreadPoolTaskExecutor  : Initializing ExecutorService 'applicationTaskExecutor'
2020-09-24 21:05:58.940  WARN 30708 --- [    Test worker] aWebConfiguration$JpaWebMvcConfiguration : spring.jpa.open-in-view is enabled by default. Therefore, database queries may be performed during view rendering. Explicitly configure spring.jpa.open-in-view to disable this warning
2020-09-24 21:05:59.015  INFO 30708 --- [    Test worker] o.s.b.a.w.s.WelcomePageHandlerMapping    : Adding welcome page template: index
2020-09-24 21:06:00.041  INFO 30708 --- [    Test worker] s.a.ScheduledAnnotationBeanPostProcessor : No TaskScheduler/ScheduledExecutorService bean found for scheduled processing
2020-09-24 21:06:00.059  INFO 30708 --- [    Test worker] c.a.s.domain.posts.PostsRepositoryTest   : Started PostsRepositoryTest in 8.099 seconds (JVM running for 17.29)
Hibernate: insert into posts (created_date, modified_date, author, content, title) values (?, ?, ?, ?, ?)
Hibernate: select posts0_.id as id1_0_, posts0_.created_date as created_2_0_, posts0_.modified_date as modified3_0_, posts0_.author as author4_0_, posts0_.content as content5_0_, posts0_.title as title6_0_ from posts posts0_
Hibernate: select posts0_.id as id1_0_, posts0_.created_date as created_2_0_, posts0_.modified_date as modified3_0_, posts0_.author as author4_0_, posts0_.content as content5_0_, posts0_.title as title6_0_ from posts posts0_
Hibernate: delete from posts where id=?
Hibernate: insert into posts (created_date, modified_date, author, content, title) values (?, ?, ?, ?, ?)
Hibernate: select posts0_.id as id1_0_, posts0_.created_date as created_2_0_, posts0_.modified_date as modified3_0_, posts0_.author as author4_0_, posts0_.content as content5_0_, posts0_.title as title6_0_ from posts posts0_
>>>>>>>>> createData =2020-09-24T21:06:00.436682modifiedDate =2020-09-24T21:06:00.436682
Hibernate: select posts0_.id as id1_0_, posts0_.created_date as created_2_0_, posts0_.modified_date as modified3_0_, posts0_.author as author4_0_, posts0_.content as content5_0_, posts0_.title as title6_0_ from posts posts0_
Hibernate: delete from posts where id=?
]]></system-out>
  <system-err><![CDATA[]]></system-err>
</testsuite>
