<?xml version="1.0" encoding="UTF-8"?>
<testsuite name="com.airvwweb.springboot.web.IndexControllerTest" tests="1" skipped="0" failures="0" errors="0" timestamp="2020-09-24T12:06:04" hostname="DoubleK" time="0.265">
  <properties/>
  <testcase name="메인페이지_로딩" classname="com.airvwweb.springboot.web.IndexControllerTest" time="0.265"/>
  <system-out><![CDATA[2020-09-24 21:06:00.469  INFO 30708 --- [    Test worker] .b.t.c.SpringBootTestContextBootstrapper : Neither @ContextConfiguration nor @ContextHierarchy found for test class [com.airvwweb.springboot.web.IndexControllerTest], using SpringBootContextLoader
2020-09-24 21:06:00.471  INFO 30708 --- [    Test worker] o.s.t.c.support.AbstractContextLoader    : Could not detect default resource locations for test class [com.airvwweb.springboot.web.IndexControllerTest]: no resource found for suffixes {-context.xml, Context.groovy}.
2020-09-24 21:06:00.471  INFO 30708 --- [    Test worker] t.c.s.AnnotationConfigContextLoaderUtils : Could not detect default configuration classes for test class [com.airvwweb.springboot.web.IndexControllerTest]: IndexControllerTest does not declare any static, non-private, non-final, nested classes annotated with @Configuration.
2020-09-24 21:06:00.474  INFO 30708 --- [    Test worker] .b.t.c.SpringBootTestContextBootstrapper : Found @SpringBootConfiguration com.airvwweb.springboot.Application for test class com.airvwweb.springboot.web.IndexControllerTest
2020-09-24 21:06:00.477  INFO 30708 --- [    Test worker] .b.t.c.SpringBootTestContextBootstrapper : Loaded default TestExecutionListener class names from location [META-INF/spring.factories]: [org.springframework.security.test.context.support.WithSecurityContextTestExecutionListener, org.springframework.security.test.context.support.ReactorContextTestExecutionListener, org.springframework.boot.test.autoconfigure.restdocs.RestDocsTestExecutionListener, org.springframework.boot.test.autoconfigure.web.client.MockRestServiceServerResetTestExecutionListener, org.springframework.boot.test.autoconfigure.web.servlet.MockMvcPrintOnlyOnFailureTestExecutionListener, org.springframework.boot.test.autoconfigure.web.servlet.WebDriverTestExecutionListener, org.springframework.boot.test.mock.mockito.MockitoTestExecutionListener, org.springframework.boot.test.mock.mockito.ResetMocksTestExecutionListener, org.springframework.test.context.web.ServletTestExecutionListener, org.springframework.test.context.support.DirtiesContextBeforeModesTestExecutionListener, org.springframework.test.context.support.DependencyInjectionTestExecutionListener, org.springframework.test.context.support.DirtiesContextTestExecutionListener, org.springframework.test.context.transaction.TransactionalTestExecutionListener, org.springframework.test.context.jdbc.SqlScriptsTestExecutionListener]
2020-09-24 21:06:00.479  INFO 30708 --- [    Test worker] .b.t.c.SpringBootTestContextBootstrapper : Using TestExecutionListeners: [org.springframework.test.context.web.ServletTestExecutionListener@5c74430c, org.springframework.test.context.support.DirtiesContextBeforeModesTestExecutionListener@48adb9f7, org.springframework.boot.test.mock.mockito.MockitoTestExecutionListener@4fa7ff84, org.springframework.boot.test.autoconfigure.SpringBootDependencyInjectionTestExecutionListener@7f167d1d, org.springframework.test.context.support.DirtiesContextTestExecutionListener@1043dd0, org.springframework.test.context.transaction.TransactionalTestExecutionListener@24c35e06, org.springframework.test.context.jdbc.SqlScriptsTestExecutionListener@5468cec5, org.springframework.security.test.context.support.WithSecurityContextTestExecutionListener@185aafc0, org.springframework.security.test.context.support.ReactorContextTestExecutionListener@3890eba6, org.springframework.boot.test.autoconfigure.restdocs.RestDocsTestExecutionListener@61da1dc, org.springframework.boot.test.autoconfigure.web.client.MockRestServiceServerResetTestExecutionListener@1411593c, org.springframework.boot.test.autoconfigure.web.servlet.MockMvcPrintOnlyOnFailureTestExecutionListener@5978d0d1, org.springframework.boot.test.autoconfigure.web.servlet.WebDriverTestExecutionListener@668acd83, org.springframework.boot.test.mock.mockito.ResetMocksTestExecutionListener@d7293cf]

  .   ____          _            __ _ _
 /\\ / ___'_ __ _ _(_)_ __  __ _ \ \ \ \
( ( )\___ | '_ | '_| | '_ \/ _` | \ \ \ \
 \\/  ___)| |_)| | | | | || (_| |  ) ) ) )
  '  |____| .__|_| |_|_| |_\__, | / / / /
 =========|_|==============|___/=/_/_/_/
 :: Spring Boot ::        (v2.1.7.RELEASE)

2020-09-24 21:06:00.581  INFO 30708 --- [    Test worker] c.a.springboot.web.IndexControllerTest   : Starting IndexControllerTest on DoubleK with PID 30708 (started by kihong in C:\Users\kihong\IdeaProjects\webservice)
2020-09-24 21:06:00.581  INFO 30708 --- [    Test worker] c.a.springboot.web.IndexControllerTest   : No active profile set, falling back to default profiles: default
2020-09-24 21:06:01.145  INFO 30708 --- [    Test worker] .s.d.r.c.RepositoryConfigurationDelegate : Bootstrapping Spring Data repositories in DEFAULT mode.
2020-09-24 21:06:01.246  INFO 30708 --- [    Test worker] .s.d.r.c.RepositoryConfigurationDelegate : Finished Spring Data repository scanning in 101ms. Found 2 repository interfaces.
2020-09-24 21:06:01.440  INFO 30708 --- [    Test worker] trationDelegate$BeanPostProcessorChecker : Bean 'org.springframework.transaction.annotation.ProxyTransactionManagementConfiguration' of type [org.springframework.transaction.annotation.ProxyTransactionManagementConfiguration$$EnhancerBySpringCGLIB$$476c6694] is not eligible for getting processed by all BeanPostProcessors (for example: not eligible for auto-proxying)
2020-09-24 21:06:01.848  INFO 30708 --- [    Test worker] o.s.b.w.embedded.tomcat.TomcatWebServer  : Tomcat initialized with port(s): 0 (http)
2020-09-24 21:06:01.897  INFO 30708 --- [    Test worker] o.apache.catalina.core.StandardService   : Starting service [Tomcat]
2020-09-24 21:06:01.897  INFO 30708 --- [    Test worker] org.apache.catalina.core.StandardEngine  : Starting Servlet engine: [Apache Tomcat/9.0.22]
2020-09-24 21:06:02.378  INFO 30708 --- [    Test worker] o.a.c.c.C.[Tomcat].[localhost].[/]       : Initializing Spring embedded WebApplicationContext
2020-09-24 21:06:02.379  INFO 30708 --- [    Test worker] o.s.web.context.ContextLoader            : Root WebApplicationContext: initialization completed in 1791 ms
2020-09-24 21:06:02.738  INFO 30708 --- [    Test worker] com.zaxxer.hikari.HikariDataSource       : HikariPool-2 - Starting...
2020-09-24 21:06:02.740  INFO 30708 --- [    Test worker] com.zaxxer.hikari.HikariDataSource       : HikariPool-2 - Start completed.
2020-09-24 21:06:02.843  INFO 30708 --- [    Test worker] o.hibernate.jpa.internal.util.LogHelper  : HHH000204: Processing PersistenceUnitInfo [
	name: default
	...]
2020-09-24 21:06:02.880  INFO 30708 --- [    Test worker] org.hibernate.dialect.Dialect            : HHH000400: Using dialect: org.hibernate.dialect.MySQL5InnoDBDialect
Hibernate: drop table if exists posts
Hibernate: drop table if exists user
Hibernate: create table posts (id bigint not null auto_increment, created_date datetime, modified_date datetime, author varchar(255), content TEXT not null, title varchar(500) not null, primary key (id)) engine=InnoDB
Hibernate: create table user (id bigint not null auto_increment, created_date datetime, modified_date datetime, email varchar(255) not null, name varchar(255) not null, picture varchar(255), role varchar(255) not null, primary key (id)) engine=InnoDB
2020-09-24 21:06:02.998  INFO 30708 --- [    Test worker] o.h.t.schema.internal.SchemaCreatorImpl  : HHH000476: Executing import script 'org.hibernate.tool.schema.internal.exec.ScriptSourceInputNonExistentImpl@7b2daf61'
2020-09-24 21:06:02.999  INFO 30708 --- [    Test worker] j.LocalContainerEntityManagerFactoryBean : Initialized JPA EntityManagerFactory for persistence unit 'default'
2020-09-24 21:06:03.574  INFO 30708 --- [    Test worker] o.h.h.i.QueryTranslatorFactoryInitiator  : HHH000397: Using ASTQueryTranslatorFactory
2020-09-24 21:06:03.797  INFO 30708 --- [    Test worker] o.s.s.web.DefaultSecurityFilterChain     : Creating filter chain: any request, [org.springframework.security.web.context.request.async.WebAsyncManagerIntegrationFilter@4a4effb9, org.springframework.security.web.context.SecurityContextPersistenceFilter@239686d8, org.springframework.security.web.header.HeaderWriterFilter@5ba54bb2, org.springframework.security.web.authentication.logout.LogoutFilter@248d980b, org.springframework.security.oauth2.client.web.OAuth2AuthorizationRequestRedirectFilter@14dc0156, org.springframework.security.oauth2.client.web.OAuth2LoginAuthenticationFilter@38b8072c, org.springframework.security.web.authentication.ui.DefaultLoginPageGeneratingFilter@333a68f2, org.springframework.security.web.authentication.ui.DefaultLogoutPageGeneratingFilter@63dc1790, org.springframework.security.web.savedrequest.RequestCacheAwareFilter@3bc952c3, org.springframework.security.web.servletapi.SecurityContextHolderAwareRequestFilter@4a4066d3, org.springframework.security.web.authentication.AnonymousAuthenticationFilter@177e7c0c, org.springframework.security.web.session.SessionManagementFilter@7ee0fc7d, org.springframework.security.web.access.ExceptionTranslationFilter@5ff8f7ee, org.springframework.security.web.access.intercept.FilterSecurityInterceptor@7dea8a3a]
2020-09-24 21:06:04.064  INFO 30708 --- [    Test worker] o.s.s.concurrent.ThreadPoolTaskExecutor  : Initializing ExecutorService 'applicationTaskExecutor'
2020-09-24 21:06:04.085  WARN 30708 --- [    Test worker] aWebConfiguration$JpaWebMvcConfiguration : spring.jpa.open-in-view is enabled by default. Therefore, database queries may be performed during view rendering. Explicitly configure spring.jpa.open-in-view to disable this warning
2020-09-24 21:06:04.125  INFO 30708 --- [    Test worker] o.s.b.a.w.s.WelcomePageHandlerMapping    : Adding welcome page template: index
2020-09-24 21:06:04.568  INFO 30708 --- [    Test worker] s.a.ScheduledAnnotationBeanPostProcessor : No TaskScheduler/ScheduledExecutorService bean found for scheduled processing
2020-09-24 21:06:04.600  INFO 30708 --- [    Test worker] o.s.b.w.embedded.tomcat.TomcatWebServer  : Tomcat started on port(s): 8592 (http) with context path ''
2020-09-24 21:06:04.601  INFO 30708 --- [    Test worker] c.a.springboot.web.IndexControllerTest   : Started IndexControllerTest in 4.119 seconds (JVM running for 21.832)
2020-09-24 21:06:04.746  INFO 30708 --- [o-auto-1-exec-1] o.a.c.c.C.[Tomcat].[localhost].[/]       : Initializing Spring DispatcherServlet 'dispatcherServlet'
2020-09-24 21:06:04.747  INFO 30708 --- [o-auto-1-exec-1] o.s.web.servlet.DispatcherServlet        : Initializing Servlet 'dispatcherServlet'
2020-09-24 21:06:04.772  INFO 30708 --- [o-auto-1-exec-1] o.s.web.servlet.DispatcherServlet        : Completed initialization in 25 ms
Hibernate: select posts0_.id as id1_0_, posts0_.created_date as created_2_0_, posts0_.modified_date as modified3_0_, posts0_.author as author4_0_, posts0_.content as content5_0_, posts0_.title as title6_0_ from posts posts0_ order by posts0_.id DESC
]]></system-out>
  <system-err><![CDATA[]]></system-err>
</testsuite>
